{"total": {"lines":{"total":310,"covered":112,"skipped":0,"pct":36.12},"statements":{"total":331,"covered":124,"skipped":0,"pct":37.46},"functions":{"total":93,"covered":24,"skipped":0,"pct":25.8},"branches":{"total":108,"covered":34,"skipped":0,"pct":31.48},"branchesTrue":{"total":0,"covered":0,"skipped":0,"pct":100}}
,"C:\\DingJun1028\\junaikey\\src\\index.ts": {"lines":{"total":5,"covered":0,"skipped":0,"pct":0},"functions":{"total":2,"covered":0,"skipped":0,"pct":0},"statements":{"total":7,"covered":0,"skipped":0,"pct":0},"branches":{"total":0,"covered":0,"skipped":0,"pct":100}}
,"C:\\DingJun1028\\junaikey\\src\\mcpClient.ts": {"lines":{"total":27,"covered":0,"skipped":0,"pct":0},"functions":{"total":3,"covered":0,"skipped":0,"pct":0},"statements":{"total":27,"covered":0,"skipped":0,"pct":0},"branches":{"total":0,"covered":0,"skipped":0,"pct":100}}
,"C:\\DingJun1028\\junaikey\\src\\mcpServer.ts": {"lines":{"total":25,"covered":19,"skipped":0,"pct":76},"functions":{"total":4,"covered":2,"skipped":0,"pct":50},"statements":{"total":25,"covered":19,"skipped":0,"pct":76},"branches":{"total":9,"covered":8,"skipped":0,"pct":88.88}}
,"C:\\DingJun1028\\junaikey\\src\\utils\\errorHandler.ts": {"lines":{"total":66,"covered":24,"skipped":0,"pct":36.36},"functions":{"total":24,"covered":2,"skipped":0,"pct":8.33},"statements":{"total":68,"covered":26,"skipped":0,"pct":38.23},"branches":{"total":24,"covered":2,"skipped":0,"pct":8.33}}
,"C:\\DingJun1028\\junaikey\\src\\utils\\logger.ts": {"lines":{"total":60,"covered":45,"skipped":0,"pct":75},"functions":{"total":21,"covered":16,"skipped":0,"pct":76.19},"statements":{"total":67,"covered":52,"skipped":0,"pct":77.61},"branches":{"total":31,"covered":19,"skipped":0,"pct":61.29}}
,"C:\\DingJun1028\\junaikey\\src\\utils\\performanceMonitor.ts": {"lines":{"total":127,"covered":24,"skipped":0,"pct":18.89},"functions":{"total":39,"covered":4,"skipped":0,"pct":10.25},"statements":{"total":137,"covered":27,"skipped":0,"pct":19.7},"branches":{"total":44,"covered":5,"skipped":0,"pct":11.36}}
}
