{"total": {"lines":{"total":1119,"covered":98,"skipped":0,"pct":8.75},"statements":{"total":1181,"covered":108,"skipped":0,"pct":9.14},"functions":{"total":269,"covered":16,"skipped":0,"pct":5.94},"branches":{"total":438,"covered":26,"skipped":0,"pct":5.93},"branchesTrue":{"total":0,"covered":0,"skipped":0,"pct":100}}
,"C:\\DingJun1028\\junaikey\\src\\index.ts": {"lines":{"total":5,"covered":0,"skipped":0,"pct":0},"functions":{"total":2,"covered":0,"skipped":0,"pct":0},"statements":{"total":7,"covered":0,"skipped":0,"pct":0},"branches":{"total":0,"covered":0,"skipped":0,"pct":100}}
,"C:\\DingJun1028\\junaikey\\src\\mcpClient.ts": {"lines":{"total":27,"covered":0,"skipped":0,"pct":0},"functions":{"total":3,"covered":0,"skipped":0,"pct":0},"statements":{"total":27,"covered":0,"skipped":0,"pct":0},"branches":{"total":0,"covered":0,"skipped":0,"pct":100}}
,"C:\\DingJun1028\\junaikey\\src\\mcpServer.ts": {"lines":{"total":25,"covered":0,"skipped":0,"pct":0},"functions":{"total":4,"covered":0,"skipped":0,"pct":0},"statements":{"total":25,"covered":0,"skipped":0,"pct":0},"branches":{"total":9,"covered":0,"skipped":0,"pct":0}}
,"C:\\DingJun1028\\junaikey\\src\\core\\avatarSynergyEngine.ts": {"lines":{"total":117,"covered":0,"skipped":0,"pct":0},"functions":{"total":32,"covered":0,"skipped":0,"pct":0},"statements":{"total":122,"covered":0,"skipped":0,"pct":0},"branches":{"total":31,"covered":0,"skipped":0,"pct":0}}
,"C:\\DingJun1028\\junaikey\\src\\core\\elementSpiritSystem.ts": {"lines":{"total":150,"covered":0,"skipped":0,"pct":0},"functions":{"total":24,"covered":0,"skipped":0,"pct":0},"statements":{"total":154,"covered":0,"skipped":0,"pct":0},"branches":{"total":61,"covered":0,"skipped":0,"pct":0}}
,"C:\\DingJun1028\\junaikey\\src\\core\\professionEvolutionTracker.ts": {"lines":{"total":160,"covered":0,"skipped":0,"pct":0},"functions":{"total":43,"covered":0,"skipped":0,"pct":0},"statements":{"total":171,"covered":0,"skipped":0,"pct":0},"branches":{"total":67,"covered":0,"skipped":0,"pct":0}}
,"C:\\DingJun1028\\junaikey\\src\\intelligent-tagging-system\\index.ts": {"lines":{"total":162,"covered":0,"skipped":0,"pct":0},"functions":{"total":47,"covered":0,"skipped":0,"pct":0},"statements":{"total":168,"covered":0,"skipped":0,"pct":0},"branches":{"total":59,"covered":0,"skipped":0,"pct":0}}
,"C:\\DingJun1028\\junaikey\\src\\mcp\\junaikey-tools.ts": {"lines":{"total":80,"covered":0,"skipped":0,"pct":0},"functions":{"total":25,"covered":0,"skipped":0,"pct":0},"statements":{"total":80,"covered":0,"skipped":0,"pct":0},"branches":{"total":18,"covered":0,"skipped":0,"pct":0}}
,"C:\\DingJun1028\\junaikey\\src\\types\\avatarSynergy.ts": {"lines":{"total":12,"covered":0,"skipped":0,"pct":0},"functions":{"total":1,"covered":0,"skipped":0,"pct":0},"statements":{"total":12,"covered":0,"skipped":0,"pct":0},"branches":{"total":2,"covered":0,"skipped":0,"pct":0}}
,"C:\\DingJun1028\\junaikey\\src\\types\\elementSpirit.ts": {"lines":{"total":22,"covered":0,"skipped":0,"pct":0},"functions":{"total":2,"covered":0,"skipped":0,"pct":0},"statements":{"total":22,"covered":0,"skipped":0,"pct":0},"branches":{"total":4,"covered":0,"skipped":0,"pct":0}}
,"C:\\DingJun1028\\junaikey\\src\\types\\professionEvolution.ts": {"lines":{"total":22,"covered":0,"skipped":0,"pct":0},"functions":{"total":2,"covered":0,"skipped":0,"pct":0},"statements":{"total":22,"covered":0,"skipped":0,"pct":0},"branches":{"total":4,"covered":0,"skipped":0,"pct":0}}
,"C:\\DingJun1028\\junaikey\\src\\utils\\errorHandler.ts": {"lines":{"total":66,"covered":24,"skipped":0,"pct":36.36},"functions":{"total":24,"covered":2,"skipped":0,"pct":8.33},"statements":{"total":68,"covered":26,"skipped":0,"pct":38.23},"branches":{"total":24,"covered":2,"skipped":0,"pct":8.33}}
,"C:\\DingJun1028\\junaikey\\src\\utils\\logger.ts": {"lines":{"total":144,"covered":50,"skipped":0,"pct":34.72},"functions":{"total":21,"covered":10,"skipped":0,"pct":47.61},"statements":{"total":166,"covered":55,"skipped":0,"pct":33.13},"branches":{"total":115,"covered":19,"skipped":0,"pct":16.52}}
,"C:\\DingJun1028\\junaikey\\src\\utils\\performanceMonitor.ts": {"lines":{"total":127,"covered":24,"skipped":0,"pct":18.89},"functions":{"total":39,"covered":4,"skipped":0,"pct":10.25},"statements":{"total":137,"covered":27,"skipped":0,"pct":19.7},"branches":{"total":44,"covered":5,"skipped":0,"pct":11.36}}
}
