TN:
SF:src\index.ts
FN:6,(anonymous_4)
FN:7,(anonymous_5)
FNF:2
FNH:0
FNDA:0,(anonymous_4)
FNDA:0,(anonymous_5)
DA:6,0
DA:7,0
DA:10,0
DA:11,0
DA:13,0
LF:5
LH:0
BRF:0
BRH:0
end_of_record
TN:
SF:src\mcpClient.ts
FN:9,main
FN:36,(anonymous_1)
FN:80,(anonymous_2)
FNF:3
FNH:0
FNDA:0,main
FNDA:0,(anonymous_1)
FNDA:0,(anonymous_2)
DA:1,0
DA:2,0
DA:10,0
DA:13,0
DA:24,0
DA:29,0
DA:30,0
DA:32,0
DA:34,0
DA:35,0
DA:36,0
DA:37,0
DA:41,0
DA:42,0
DA:48,0
DA:51,0
DA:52,0
DA:59,0
DA:62,0
DA:63,0
DA:70,0
DA:73,0
DA:75,0
DA:76,0
DA:80,0
DA:81,0
DA:82,0
LF:27
LH:0
BRF:0
BRH:0
end_of_record
TN:
SF:src\mcpServer.ts
FN:27,(anonymous_0)
FN:68,(anonymous_1)
FN:112,main
FN:121,(anonymous_3)
FNF:4
FNH:2
FNDA:1,(anonymous_0)
FNDA:5,(anonymous_1)
FNDA:0,main
FNDA:0,(anonymous_3)
DA:1,1
DA:2,1
DA:3,1
DA:14,1
DA:27,1
DA:28,1
DA:68,1
DA:69,5
DA:71,5
DA:72,1
DA:75,4
DA:77,1
DA:78,1
DA:89,2
DA:90,2
DA:92,2
DA:96,2
DA:107,1
DA:113,0
DA:114,0
DA:116,0
DA:120,1
DA:121,0
DA:122,0
DA:123,0
LF:25
LH:19
BRDA:71,0,0,1
BRDA:71,0,1,4
BRDA:75,1,0,1
BRDA:75,1,1,2
BRDA:75,1,2,1
BRDA:92,2,0,1
BRDA:92,2,1,1
BRDA:120,3,0,0
BRDA:120,3,1,1
BRF:9
BRH:8
end_of_record
TN:
SF:src\utils\errorHandler.ts
FN:8,(anonymous_0)
FN:42,(anonymous_1)
FN:71,(anonymous_2)
FN:76,(anonymous_3)
FN:77,(anonymous_4)
FN:87,(anonymous_5)
FN:131,(anonymous_6)
FN:155,(anonymous_7)
FN:172,(anonymous_8)
FN:187,(anonymous_9)
FN:189,(anonymous_10)
FN:194,(anonymous_11)
FN:206,(anonymous_12)
FN:214,(anonymous_13)
FN:227,(anonymous_14)
FN:231,(anonymous_15)
FN:235,(anonymous_16)
FN:239,(anonymous_17)
FN:243,(anonymous_18)
FN:247,(anonymous_19)
FN:251,(anonymous_20)
FN:255,(anonymous_21)
FN:259,(anonymous_22)
FN:263,(anonymous_23)
FNF:24
FNH:2
FNDA:3,(anonymous_0)
FNDA:0,(anonymous_1)
FNDA:0,(anonymous_2)
FNDA:0,(anonymous_3)
FNDA:0,(anonymous_4)
FNDA:0,(anonymous_5)
FNDA:0,(anonymous_6)
FNDA:0,(anonymous_7)
FNDA:0,(anonymous_8)
FNDA:34,(anonymous_9)
FNDA:0,(anonymous_10)
FNDA:0,(anonymous_11)
FNDA:0,(anonymous_12)
FNDA:0,(anonymous_13)
FNDA:0,(anonymous_14)
FNDA:0,(anonymous_15)
FNDA:0,(anonymous_16)
FNDA:0,(anonymous_17)
FNDA:0,(anonymous_18)
FNDA:0,(anonymous_19)
FNDA:0,(anonymous_20)
FNDA:0,(anonymous_21)
FNDA:0,(anonymous_22)
FNDA:0,(anonymous_23)
DA:6,3
DA:8,3
DA:9,3
DA:10,3
DA:11,3
DA:12,3
DA:13,3
DA:14,3
DA:15,3
DA:16,3
DA:17,3
DA:18,3
DA:19,3
DA:41,3
DA:51,0
DA:52,0
DA:53,0
DA:54,0
DA:55,0
DA:56,0
DA:57,0
DA:58,0
DA:61,0
DA:62,0
DA:67,3
DA:68,3
DA:72,0
DA:77,0
DA:78,0
DA:79,0
DA:81,0
DA:94,0
DA:110,0
DA:125,0
DA:127,0
DA:140,0
DA:156,0
DA:165,0
DA:166,0
DA:167,0
DA:173,0
DA:174,0
DA:182,0
DA:183,0
DA:189,34
DA:190,0
DA:194,34
DA:195,0
DA:198,34
DA:203,3
DA:206,3
DA:212,0
DA:214,3
DA:222,0
DA:225,3
DA:228,0
DA:232,0
DA:236,0
DA:240,0
DA:244,0
DA:248,0
DA:252,0
DA:256,0
DA:260,0
DA:264,0
DA:268,3
LF:66
LH:24
BRDA:8,0,0,3
BRDA:8,0,1,3
BRDA:48,1,0,0
BRDA:61,2,0,0
BRDA:61,2,1,0
BRDA:89,3,0,0
BRDA:90,4,0,0
BRDA:94,5,0,0
BRDA:94,5,1,0
BRDA:137,6,0,0
BRDA:165,7,0,0
BRDA:165,7,1,0
BRDA:165,8,0,0
BRDA:165,8,1,0
BRDA:173,9,0,0
BRDA:173,9,1,0
BRDA:208,10,0,0
BRDA:209,11,0,0
BRDA:220,12,0,0
BRDA:231,13,0,0
BRDA:235,14,0,0
BRDA:243,15,0,0
BRDA:247,16,0,0
BRDA:255,17,0,0
BRF:24
BRH:2
end_of_record
TN:
SF:src\utils\logger.ts
FN:6,(anonymous_0)
FN:35,(anonymous_1)
FN:45,(anonymous_2)
FN:62,(anonymous_3)
FN:66,(anonymous_4)
FN:76,(anonymous_5)
FN:114,(anonymous_6)
FN:119,(anonymous_7)
FN:124,(anonymous_8)
FN:129,(anonymous_9)
FN:141,(anonymous_10)
FN:153,(anonymous_11)
FN:157,(anonymous_12)
FN:161,(anonymous_13)
FN:167,(anonymous_14)
FN:171,(anonymous_15)
FN:184,(anonymous_16)
FN:187,(anonymous_17)
FN:190,(anonymous_18)
FN:193,(anonymous_19)
FN:196,(anonymous_20)
FNF:21
FNH:16
FNDA:3,(anonymous_0)
FNDA:3,(anonymous_1)
FNDA:1161,(anonymous_2)
FNDA:1160,(anonymous_3)
FNDA:6,(anonymous_4)
FNDA:1161,(anonymous_5)
FNDA:2,(anonymous_6)
FNDA:1153,(anonymous_7)
FNDA:1,(anonymous_8)
FNDA:4,(anonymous_9)
FNDA:1,(anonymous_10)
FNDA:50,(anonymous_11)
FNDA:8,(anonymous_12)
FNDA:8,(anonymous_13)
FNDA:69,(anonymous_14)
FNDA:42,(anonymous_15)
FNDA:0,(anonymous_16)
FNDA:0,(anonymous_17)
FNDA:0,(anonymous_18)
FNDA:0,(anonymous_19)
FNDA:0,(anonymous_20)
DA:6,3
DA:7,3
DA:8,3
DA:9,3
DA:10,3
DA:11,3
DA:33,3
DA:36,3
DA:52,1161
DA:63,1160
DA:67,6
DA:68,6
DA:71,0
DA:72,0
DA:73,0
DA:78,1161
DA:79,130
DA:83,1031
DA:86,1031
DA:87,6
DA:89,6
DA:91,0
DA:92,0
DA:94,6
DA:95,6
DA:97,0
DA:98,0
DA:101,0
DA:102,0
DA:104,0
DA:109,1031
DA:115,2
DA:116,2
DA:120,1153
DA:121,1153
DA:125,1
DA:126,1
DA:130,4
DA:138,4
DA:142,1
DA:150,1
DA:154,50
DA:156,50
DA:157,33
DA:160,50
DA:161,8
DA:164,50
DA:168,69
DA:172,42
DA:177,3
DA:184,3
DA:185,0
DA:187,3
DA:188,0
DA:190,3
DA:191,0
DA:193,3
DA:194,0
DA:196,3
DA:197,0
LF:60
LH:45
BRDA:6,0,0,3
BRDA:6,0,1,3
BRDA:35,1,0,0
BRDA:58,2,0,1161
BRDA:58,2,1,1160
BRDA:67,3,0,6
BRDA:67,3,1,0
BRDA:72,4,0,0
BRDA:72,4,1,0
BRDA:78,5,0,130
BRDA:78,5,1,1031
BRDA:86,6,0,6
BRDA:86,6,1,1025
BRDA:89,7,0,0
BRDA:89,7,1,6
BRDA:89,7,2,0
BRDA:89,7,3,0
BRDA:89,7,4,0
BRDA:89,7,5,0
BRDA:109,8,0,0
BRDA:109,8,1,1031
BRDA:109,9,0,1031
BRDA:109,9,1,0
BRDA:132,10,0,1
BRDA:132,10,1,3
BRDA:144,11,0,0
BRDA:144,11,1,1
BRDA:156,12,0,33
BRDA:156,12,1,17
BRDA:160,13,0,3
BRDA:160,13,1,47
BRF:31
BRH:19
end_of_record
TN:
SF:src\utils\performanceMonitor.ts
FN:37,(anonymous_0)
FN:53,(anonymous_1)
FN:65,(anonymous_2)
FN:102,(anonymous_3)
FN:116,(anonymous_4)
FN:131,(anonymous_5)
FN:148,(anonymous_6)
FN:158,(anonymous_7)
FN:163,(anonymous_8)
FN:172,(anonymous_9)
FN:176,(anonymous_10)
FN:177,(anonymous_11)
FN:182,(anonymous_12)
FN:186,(anonymous_13)
FN:193,(anonymous_14)
FN:207,(anonymous_15)
FN:207,(anonymous_16)
FN:211,(anonymous_17)
FN:220,(anonymous_18)
FN:226,(anonymous_19)
FN:248,(anonymous_20)
FN:254,(anonymous_21)
FN:267,(anonymous_22)
FN:271,(anonymous_23)
FN:279,(anonymous_24)
FN:285,(anonymous_25)
FN:290,(anonymous_26)
FN:304,monitorPerformance
FN:305,(anonymous_28)
FN:308,(anonymous_29)
FN:327,monitorClassPerformance
FN:328,(anonymous_31)
FN:330,(anonymous_32)
FN:336,(anonymous_33)
FN:338,(anonymous_34)
FN:343,(anonymous_35)
FN:361,(anonymous_36)
FN:364,(anonymous_37)
FN:367,(anonymous_38)
FNF:39
FNH:4
FNDA:3,(anonymous_0)
FNDA:0,(anonymous_1)
FNDA:0,(anonymous_2)
FNDA:0,(anonymous_3)
FNDA:0,(anonymous_4)
FNDA:0,(anonymous_5)
FNDA:0,(anonymous_6)
FNDA:0,(anonymous_7)
FNDA:3,(anonymous_8)
FNDA:0,(anonymous_9)
FNDA:0,(anonymous_10)
FNDA:0,(anonymous_11)
FNDA:0,(anonymous_12)
FNDA:0,(anonymous_13)
FNDA:3,(anonymous_14)
FNDA:0,(anonymous_15)
FNDA:0,(anonymous_16)
FNDA:0,(anonymous_17)
FNDA:0,(anonymous_18)
FNDA:0,(anonymous_19)
FNDA:0,(anonymous_20)
FNDA:0,(anonymous_21)
FNDA:0,(anonymous_22)
FNDA:0,(anonymous_23)
FNDA:0,(anonymous_24)
FNDA:0,(anonymous_25)
FNDA:31,(anonymous_26)
FNDA:0,monitorPerformance
FNDA:0,(anonymous_28)
FNDA:0,(anonymous_29)
FNDA:0,monitorClassPerformance
FNDA:0,(anonymous_31)
FNDA:0,(anonymous_32)
FNDA:0,(anonymous_33)
FNDA:0,(anonymous_34)
FNDA:0,(anonymous_35)
FNDA:0,(anonymous_36)
FNDA:0,(anonymous_37)
FNDA:0,(anonymous_38)
DA:6,3
DA:31,3
DA:32,3
DA:33,3
DA:35,3
DA:38,3
DA:54,0
DA:55,0
DA:57,0
DA:58,0
DA:61,0
DA:66,0
DA:68,0
DA:69,0
DA:70,0
DA:73,0
DA:74,0
DA:76,0
DA:84,0
DA:87,0
DA:88,0
DA:91,0
DA:92,0
DA:98,0
DA:103,0
DA:104,0
DA:107,0
DA:110,0
DA:111,0
DA:117,0
DA:119,0
DA:120,0
DA:123,0
DA:124,0
DA:125,0
DA:126,0
DA:132,0
DA:134,0
DA:135,0
DA:141,0
DA:148,0
DA:149,0
DA:150,0
DA:152,0
DA:159,0
DA:169,3
DA:171,3
DA:172,3
DA:175,3
DA:176,0
DA:177,0
DA:181,3
DA:182,0
DA:185,3
DA:186,0
DA:189,3
DA:201,3
DA:203,3
DA:204,3
DA:207,0
DA:209,0
DA:211,0
DA:221,0
DA:222,0
DA:231,0
DA:232,0
DA:233,0
DA:234,0
DA:235,0
DA:237,0
DA:244,0
DA:250,0
DA:251,0
DA:254,0
DA:256,0
DA:257,0
DA:259,0
DA:261,0
DA:262,0
DA:268,0
DA:269,0
DA:271,0
DA:272,0
DA:275,0
DA:280,0
DA:281,0
DA:286,0
DA:291,31
DA:292,31
DA:297,3
DA:304,3
DA:305,0
DA:306,0
DA:308,0
DA:309,0
DA:310,0
DA:312,0
DA:313,0
DA:314,0
DA:315,0
DA:317,0
DA:318,0
DA:322,0
DA:327,3
DA:328,0
DA:329,0
DA:331,0
DA:334,0
DA:335,0
DA:336,0
DA:338,0
DA:339,0
DA:340,0
DA:341,0
DA:343,0
DA:344,0
DA:345,0
DA:346,0
DA:347,0
DA:349,0
DA:350,0
DA:361,3
DA:362,0
DA:364,3
DA:365,0
DA:367,3
DA:368,0
LF:127
LH:24
BRDA:37,0,0,0
BRDA:57,1,0,0
BRDA:57,1,1,0
BRDA:68,2,0,0
BRDA:68,2,1,0
BRDA:87,3,0,0
BRDA:87,3,1,0
BRDA:91,4,0,0
BRDA:91,4,1,0
BRDA:103,5,0,0
BRDA:103,5,1,0
BRDA:110,6,0,0
BRDA:110,6,1,0
BRDA:119,7,0,0
BRDA:119,7,1,0
BRDA:123,8,0,0
BRDA:123,8,1,0
BRDA:125,9,0,0
BRDA:125,9,1,0
BRDA:132,10,0,0
BRDA:132,10,1,0
BRDA:134,11,0,0
BRDA:134,11,1,0
BRDA:171,12,0,3
BRDA:171,12,1,0
BRDA:175,13,0,0
BRDA:175,13,1,3
BRDA:181,14,0,0
BRDA:181,14,1,3
BRDA:185,15,0,0
BRDA:185,15,1,3
BRDA:203,16,0,3
BRDA:203,16,1,0
BRDA:231,17,0,0
BRDA:231,17,1,0
BRDA:231,18,0,0
BRDA:231,18,1,0
BRDA:267,19,0,0
BRDA:309,20,0,0
BRDA:309,20,1,0
BRDA:336,21,0,0
BRDA:336,21,1,0
BRDA:340,22,0,0
BRDA:340,22,1,0
BRF:44
BRH:5
end_of_record
