TN:
SF:src\index.ts
FN:6,(anonymous_4)
FN:7,(anonymous_5)
FNF:2
FNH:0
FNDA:0,(anonymous_4)
FNDA:0,(anonymous_5)
DA:6,0
DA:7,0
DA:10,0
DA:11,0
DA:13,0
LF:5
LH:0
BRF:0
BRH:0
end_of_record
TN:
SF:src\mcpClient.ts
FN:9,main
FN:36,(anonymous_1)
FN:80,(anonymous_2)
FNF:3
FNH:0
FNDA:0,main
FNDA:0,(anonymous_1)
FNDA:0,(anonymous_2)
DA:1,0
DA:2,0
DA:10,0
DA:13,0
DA:24,0
DA:29,0
DA:30,0
DA:32,0
DA:34,0
DA:35,0
DA:36,0
DA:37,0
DA:41,0
DA:42,0
DA:48,0
DA:51,0
DA:52,0
DA:59,0
DA:62,0
DA:63,0
DA:70,0
DA:73,0
DA:75,0
DA:76,0
DA:80,0
DA:81,0
DA:82,0
LF:27
LH:0
BRF:0
BRH:0
end_of_record
TN:
SF:src\mcpServer.ts
FN:27,(anonymous_0)
FN:68,(anonymous_1)
FN:112,main
FN:121,(anonymous_3)
FNF:4
FNH:0
FNDA:0,(anonymous_0)
FNDA:0,(anonymous_1)
FNDA:0,main
FNDA:0,(anonymous_3)
DA:1,0
DA:2,0
DA:3,0
DA:14,0
DA:27,0
DA:28,0
DA:68,0
DA:69,0
DA:71,0
DA:72,0
DA:75,0
DA:77,0
DA:78,0
DA:89,0
DA:90,0
DA:92,0
DA:96,0
DA:107,0
DA:113,0
DA:114,0
DA:116,0
DA:120,0
DA:121,0
DA:122,0
DA:123,0
LF:25
LH:0
BRDA:71,0,0,0
BRDA:71,0,1,0
BRDA:75,1,0,0
BRDA:75,1,1,0
BRDA:75,1,2,0
BRDA:92,2,0,0
BRDA:92,2,1,0
BRDA:120,3,0,0
BRDA:120,3,1,0
BRF:9
BRH:0
end_of_record
TN:
SF:src\core\avatarSynergyEngine.ts
FN:30,(anonymous_0)
FN:46,(anonymous_1)
FN:119,(anonymous_2)
FN:130,(anonymous_3)
FN:131,(anonymous_4)
FN:141,(anonymous_5)
FN:163,(anonymous_6)
FN:173,(anonymous_7)
FN:180,(anonymous_8)
FN:187,(anonymous_9)
FN:211,(anonymous_10)
FN:229,(anonymous_11)
FN:231,(anonymous_12)
FN:232,(anonymous_13)
FN:238,(anonymous_14)
FN:303,(anonymous_15)
FN:342,(anonymous_16)
FN:344,(anonymous_17)
FN:345,(anonymous_18)
FN:362,(anonymous_19)
FN:365,(anonymous_20)
FN:379,(anonymous_21)
FN:383,(anonymous_22)
FN:384,(anonymous_23)
FN:386,(anonymous_24)
FN:401,(anonymous_25)
FN:414,(anonymous_26)
FN:430,(anonymous_27)
FN:481,(anonymous_28)
FN:491,(anonymous_29)
FN:494,(anonymous_30)
FN:511,(anonymous_31)
FNF:32
FNH:0
FNDA:0,(anonymous_0)
FNDA:0,(anonymous_1)
FNDA:0,(anonymous_2)
FNDA:0,(anonymous_3)
FNDA:0,(anonymous_4)
FNDA:0,(anonymous_5)
FNDA:0,(anonymous_6)
FNDA:0,(anonymous_7)
FNDA:0,(anonymous_8)
FNDA:0,(anonymous_9)
FNDA:0,(anonymous_10)
FNDA:0,(anonymous_11)
FNDA:0,(anonymous_12)
FNDA:0,(anonymous_13)
FNDA:0,(anonymous_14)
FNDA:0,(anonymous_15)
FNDA:0,(anonymous_16)
FNDA:0,(anonymous_17)
FNDA:0,(anonymous_18)
FNDA:0,(anonymous_19)
FNDA:0,(anonymous_20)
FNDA:0,(anonymous_21)
FNDA:0,(anonymous_22)
FNDA:0,(anonymous_23)
FNDA:0,(anonymous_24)
FNDA:0,(anonymous_25)
FNDA:0,(anonymous_26)
FNDA:0,(anonymous_27)
FNDA:0,(anonymous_28)
FNDA:0,(anonymous_29)
FNDA:0,(anonymous_30)
FNDA:0,(anonymous_31)
DA:6,0
DA:22,0
DA:24,0
DA:25,0
DA:26,0
DA:28,0
DA:31,0
DA:38,0
DA:39,0
DA:40,0
DA:47,0
DA:119,0
DA:120,0
DA:121,0
DA:124,0
DA:131,0
DA:132,0
DA:135,0
DA:142,0
DA:163,0
DA:164,0
DA:167,0
DA:174,0
DA:181,0
DA:188,0
DA:189,0
DA:190,0
DA:191,0
DA:194,0
DA:195,0
DA:196,0
DA:199,0
DA:200,0
DA:203,0
DA:205,0
DA:212,0
DA:213,0
DA:214,0
DA:215,0
DA:218,0
DA:219,0
DA:221,0
DA:223,0
DA:230,0
DA:231,0
DA:232,0
DA:239,0
DA:241,0
DA:243,0
DA:259,0
DA:262,0
DA:277,0
DA:280,0
DA:297,0
DA:304,0
DA:305,0
DA:307,0
DA:308,0
DA:309,0
DA:313,0
DA:315,0
DA:323,0
DA:331,0
DA:332,0
DA:334,0
DA:336,0
DA:343,0
DA:344,0
DA:345,0
DA:347,0
DA:349,0
DA:350,0
DA:351,0
DA:361,0
DA:362,0
DA:363,0
DA:365,0
DA:367,0
DA:380,0
DA:381,0
DA:383,0
DA:384,0
DA:385,0
DA:386,0
DA:387,0
DA:388,0
DA:389,0
DA:395,0
DA:402,0
DA:403,0
DA:404,0
DA:414,0
DA:416,0
DA:418,0
DA:431,0
DA:432,0
DA:433,0
DA:439,0
DA:442,0
DA:443,0
DA:444,0
DA:445,0
DA:448,0
DA:449,0
DA:452,0
DA:455,0
DA:457,0
DA:459,0
DA:472,0
DA:489,0
DA:490,0
DA:491,0
DA:493,0
DA:494,0
DA:495,0
DA:498,0
DA:512,0
LF:117
LH:0
BRDA:189,0,0,0
BRDA:189,0,1,0
BRDA:199,1,0,0
BRDA:199,1,1,0
BRDA:213,2,0,0
BRDA:213,2,1,0
BRDA:241,3,0,0
BRDA:241,3,1,0
BRDA:241,3,2,0
BRDA:307,4,0,0
BRDA:307,4,1,0
BRDA:307,5,0,0
BRDA:307,5,1,0
BRDA:349,6,0,0
BRDA:349,6,1,0
BRDA:349,7,0,0
BRDA:349,7,1,0
BRDA:385,8,0,0
BRDA:385,8,1,0
BRDA:387,9,0,0
BRDA:387,9,1,0
BRDA:395,10,0,0
BRDA:395,10,1,0
BRDA:403,11,0,0
BRDA:403,11,1,0
BRDA:432,12,0,0
BRDA:432,12,1,0
BRDA:443,13,0,0
BRDA:443,13,1,0
BRDA:495,14,0,0
BRDA:495,14,1,0
BRF:31
BRH:0
end_of_record
TN:
SF:src\core\elementSpiritSystem.ts
FN:23,(anonymous_0)
FN:31,(anonymous_1)
FN:215,(anonymous_2)
FN:228,(anonymous_3)
FN:235,(anonymous_4)
FN:242,(anonymous_5)
FN:276,(anonymous_6)
FN:357,(anonymous_7)
FN:397,(anonymous_8)
FN:404,(anonymous_9)
FN:468,(anonymous_10)
FN:554,(anonymous_11)
FN:617,(anonymous_12)
FN:633,(anonymous_13)
FN:646,(anonymous_14)
FN:648,(anonymous_15)
FN:649,(anonymous_16)
FN:655,(anonymous_17)
FN:688,(anonymous_18)
FN:697,(anonymous_19)
FN:698,(anonymous_20)
FN:699,(anonymous_21)
FN:702,(anonymous_22)
FN:703,(anonymous_23)
FNF:24
FNH:0
FNDA:0,(anonymous_0)
FNDA:0,(anonymous_1)
FNDA:0,(anonymous_2)
FNDA:0,(anonymous_3)
FNDA:0,(anonymous_4)
FNDA:0,(anonymous_5)
FNDA:0,(anonymous_6)
FNDA:0,(anonymous_7)
FNDA:0,(anonymous_8)
FNDA:0,(anonymous_9)
FNDA:0,(anonymous_10)
FNDA:0,(anonymous_11)
FNDA:0,(anonymous_12)
FNDA:0,(anonymous_13)
FNDA:0,(anonymous_14)
FNDA:0,(anonymous_15)
FNDA:0,(anonymous_16)
FNDA:0,(anonymous_17)
FNDA:0,(anonymous_18)
FNDA:0,(anonymous_19)
FNDA:0,(anonymous_20)
FNDA:0,(anonymous_21)
FNDA:0,(anonymous_22)
FNDA:0,(anonymous_23)
DA:6,0
DA:17,0
DA:19,0
DA:20,0
DA:21,0
DA:24,0
DA:25,0
DA:32,0
DA:215,0
DA:217,0
DA:218,0
DA:219,0
DA:222,0
DA:229,0
DA:236,0
DA:243,0
DA:244,0
DA:245,0
DA:246,0
DA:252,0
DA:253,0
DA:259,0
DA:260,0
DA:261,0
DA:263,0
DA:265,0
DA:277,0
DA:279,0
DA:281,0
DA:296,0
DA:299,0
DA:314,0
DA:317,0
DA:332,0
DA:335,0
DA:351,0
DA:358,0
DA:359,0
DA:360,0
DA:361,0
DA:367,0
DA:368,0
DA:370,0
DA:373,0
DA:374,0
DA:375,0
DA:376,0
DA:379,0
DA:381,0
DA:384,0
DA:386,0
DA:398,0
DA:405,0
DA:406,0
DA:407,0
DA:408,0
DA:414,0
DA:415,0
DA:417,0
DA:418,0
DA:425,0
DA:426,0
DA:427,0
DA:430,0
DA:433,0
DA:434,0
DA:436,0
DA:437,0
DA:438,0
DA:440,0
DA:441,0
DA:442,0
DA:444,0
DA:445,0
DA:446,0
DA:448,0
DA:449,0
DA:451,0
DA:452,0
DA:455,0
DA:457,0
DA:469,0
DA:471,0
DA:473,0
DA:474,0
DA:479,0
DA:480,0
DA:485,0
DA:488,0
DA:489,0
DA:494,0
DA:495,0
DA:500,0
DA:503,0
DA:504,0
DA:509,0
DA:510,0
DA:515,0
DA:518,0
DA:519,0
DA:524,0
DA:525,0
DA:530,0
DA:533,0
DA:534,0
DA:539,0
DA:540,0
DA:545,0
DA:548,0
DA:555,0
DA:557,0
DA:559,0
DA:574,0
DA:577,0
DA:592,0
DA:595,0
DA:611,0
DA:618,0
DA:619,0
DA:620,0
DA:621,0
DA:624,0
DA:625,0
DA:627,0
DA:634,0
DA:635,0
DA:636,0
DA:637,0
DA:640,0
DA:647,0
DA:648,0
DA:649,0
DA:661,0
DA:662,0
DA:664,0
DA:665,0
DA:666,0
DA:670,0
DA:671,0
DA:672,0
DA:675,0
DA:677,0
DA:696,0
DA:697,0
DA:698,0
DA:699,0
DA:701,0
DA:702,0
DA:703,0
DA:706,0
LF:150
LH:0
BRDA:244,0,0,0
BRDA:244,0,1,0
BRDA:252,1,0,0
BRDA:252,1,1,0
BRDA:279,2,0,0
BRDA:279,2,1,0
BRDA:279,2,2,0
BRDA:279,2,3,0
BRDA:359,3,0,0
BRDA:359,3,1,0
BRDA:373,4,0,0
BRDA:373,4,1,0
BRDA:390,5,0,0
BRDA:390,5,1,0
BRDA:406,6,0,0
BRDA:406,6,1,0
BRDA:417,7,0,0
BRDA:417,7,1,0
BRDA:426,8,0,0
BRDA:426,8,1,0
BRDA:434,9,0,0
BRDA:434,9,1,0
BRDA:434,9,2,0
BRDA:434,9,3,0
BRDA:434,9,4,0
BRDA:471,10,0,0
BRDA:471,10,1,0
BRDA:471,10,2,0
BRDA:471,10,3,0
BRDA:471,10,4,0
BRDA:473,11,0,0
BRDA:473,11,1,0
BRDA:479,12,0,0
BRDA:479,12,1,0
BRDA:488,13,0,0
BRDA:488,13,1,0
BRDA:494,14,0,0
BRDA:494,14,1,0
BRDA:503,15,0,0
BRDA:503,15,1,0
BRDA:509,16,0,0
BRDA:509,16,1,0
BRDA:518,17,0,0
BRDA:518,17,1,0
BRDA:524,18,0,0
BRDA:524,18,1,0
BRDA:533,19,0,0
BRDA:533,19,1,0
BRDA:539,20,0,0
BRDA:539,20,1,0
BRDA:557,21,0,0
BRDA:557,21,1,0
BRDA:557,21,2,0
BRDA:619,22,0,0
BRDA:619,22,1,0
BRDA:634,23,0,0
BRDA:634,23,1,0
BRDA:664,24,0,0
BRDA:664,24,1,0
BRDA:664,25,0,0
BRDA:664,25,1,0
BRF:61
BRH:0
end_of_record
TN:
SF:src\core\professionEvolutionTracker.ts
FN:32,(anonymous_0)
FN:48,(anonymous_1)
FN:144,(anonymous_2)
FN:157,(anonymous_3)
FN:158,(anonymous_4)
FN:168,(anonymous_5)
FN:238,(anonymous_6)
FN:248,(anonymous_7)
FN:255,(anonymous_8)
FN:262,(anonymous_9)
FN:286,(anonymous_10)
FN:304,(anonymous_11)
FN:306,(anonymous_12)
FN:307,(anonymous_13)
FN:313,(anonymous_14)
FN:408,(anonymous_15)
FN:455,(anonymous_16)
FN:462,(anonymous_17)
FN:471,(anonymous_18)
FN:520,(anonymous_19)
FN:534,(anonymous_20)
FN:552,(anonymous_21)
FN:587,(anonymous_22)
FN:596,(anonymous_23)
FN:610,(anonymous_24)
FN:611,(anonymous_25)
FN:615,(anonymous_26)
FN:632,(anonymous_27)
FN:633,(anonymous_28)
FN:643,(anonymous_29)
FN:684,(anonymous_30)
FN:687,(anonymous_31)
FN:692,(anonymous_32)
FN:693,(anonymous_33)
FN:696,(anonymous_34)
FN:697,(anonymous_35)
FN:704,(anonymous_36)
FN:705,(anonymous_37)
FN:714,(anonymous_38)
FN:721,(anonymous_39)
FN:722,(anonymous_40)
FN:728,(anonymous_41)
FN:729,(anonymous_42)
FNF:43
FNH:0
FNDA:0,(anonymous_0)
FNDA:0,(anonymous_1)
FNDA:0,(anonymous_2)
FNDA:0,(anonymous_3)
FNDA:0,(anonymous_4)
FNDA:0,(anonymous_5)
FNDA:0,(anonymous_6)
FNDA:0,(anonymous_7)
FNDA:0,(anonymous_8)
FNDA:0,(anonymous_9)
FNDA:0,(anonymous_10)
FNDA:0,(anonymous_11)
FNDA:0,(anonymous_12)
FNDA:0,(anonymous_13)
FNDA:0,(anonymous_14)
FNDA:0,(anonymous_15)
FNDA:0,(anonymous_16)
FNDA:0,(anonymous_17)
FNDA:0,(anonymous_18)
FNDA:0,(anonymous_19)
FNDA:0,(anonymous_20)
FNDA:0,(anonymous_21)
FNDA:0,(anonymous_22)
FNDA:0,(anonymous_23)
FNDA:0,(anonymous_24)
FNDA:0,(anonymous_25)
FNDA:0,(anonymous_26)
FNDA:0,(anonymous_27)
FNDA:0,(anonymous_28)
FNDA:0,(anonymous_29)
FNDA:0,(anonymous_30)
FNDA:0,(anonymous_31)
FNDA:0,(anonymous_32)
FNDA:0,(anonymous_33)
FNDA:0,(anonymous_34)
FNDA:0,(anonymous_35)
FNDA:0,(anonymous_36)
FNDA:0,(anonymous_37)
FNDA:0,(anonymous_38)
FNDA:0,(anonymous_39)
FNDA:0,(anonymous_40)
FNDA:0,(anonymous_41)
FNDA:0,(anonymous_42)
DA:6,0
DA:24,0
DA:26,0
DA:27,0
DA:28,0
DA:30,0
DA:33,0
DA:40,0
DA:41,0
DA:42,0
DA:49,0
DA:144,0
DA:146,0
DA:147,0
DA:148,0
DA:151,0
DA:158,0
DA:159,0
DA:162,0
DA:169,0
DA:238,0
DA:239,0
DA:242,0
DA:249,0
DA:256,0
DA:263,0
DA:264,0
DA:265,0
DA:266,0
DA:269,0
DA:270,0
DA:271,0
DA:274,0
DA:275,0
DA:278,0
DA:280,0
DA:287,0
DA:288,0
DA:289,0
DA:290,0
DA:293,0
DA:294,0
DA:296,0
DA:298,0
DA:305,0
DA:306,0
DA:307,0
DA:314,0
DA:316,0
DA:318,0
DA:336,0
DA:339,0
DA:357,0
DA:360,0
DA:378,0
DA:381,0
DA:399,0
DA:402,0
DA:409,0
DA:410,0
DA:411,0
DA:417,0
DA:420,0
DA:421,0
DA:422,0
DA:423,0
DA:426,0
DA:429,0
DA:432,0
DA:434,0
DA:437,0
DA:439,0
DA:456,0
DA:463,0
DA:464,0
DA:465,0
DA:471,0
DA:472,0
DA:473,0
DA:479,0
DA:480,0
DA:486,0
DA:487,0
DA:494,0
DA:495,0
DA:496,0
DA:500,0
DA:501,0
DA:502,0
DA:504,0
DA:506,0
DA:521,0
DA:522,0
DA:525,0
DA:526,0
DA:527,0
DA:532,0
DA:534,0
DA:535,0
DA:536,0
DA:537,0
DA:542,0
DA:546,0
DA:553,0
DA:554,0
DA:556,0
DA:557,0
DA:563,0
DA:564,0
DA:570,0
DA:571,0
DA:573,0
DA:575,0
DA:588,0
DA:589,0
DA:590,0
DA:596,0
DA:597,0
DA:598,0
DA:604,0
DA:605,0
DA:606,0
DA:610,0
DA:611,0
DA:612,0
DA:615,0
DA:616,0
DA:617,0
DA:620,0
DA:633,0
DA:634,0
DA:637,0
DA:644,0
DA:645,0
DA:647,0
DA:648,0
DA:649,0
DA:653,0
DA:661,0
DA:670,0
DA:671,0
DA:673,0
DA:674,0
DA:676,0
DA:678,0
DA:685,0
DA:686,0
DA:687,0
DA:689,0
DA:690,0
DA:692,0
DA:693,0
DA:696,0
DA:697,0
DA:700,0
DA:704,0
DA:705,0
DA:715,0
DA:722,0
DA:729,0
LF:160
LH:0
BRDA:264,0,0,0
BRDA:264,0,1,0
BRDA:274,1,0,0
BRDA:274,1,1,0
BRDA:288,2,0,0
BRDA:288,2,1,0
BRDA:316,3,0,0
BRDA:316,3,1,0
BRDA:316,3,2,0
BRDA:316,3,3,0
BRDA:410,4,0,0
BRDA:410,4,1,0
BRDA:421,5,0,0
BRDA:421,5,1,0
BRDA:464,6,0,0
BRDA:464,6,1,0
BRDA:472,7,0,0
BRDA:472,7,1,0
BRDA:479,8,0,0
BRDA:479,8,1,0
BRDA:486,9,0,0
BRDA:486,9,1,0
BRDA:495,10,0,0
BRDA:495,10,1,0
BRDA:522,11,0,0
BRDA:522,11,1,0
BRDA:525,12,0,0
BRDA:525,12,1,0
BRDA:526,13,0,0
BRDA:526,13,1,0
BRDA:526,14,0,0
BRDA:526,14,1,0
BRDA:535,15,0,0
BRDA:535,15,1,0
BRDA:536,16,0,0
BRDA:536,16,1,0
BRDA:536,17,0,0
BRDA:536,17,1,0
BRDA:536,17,2,0
BRDA:556,18,0,0
BRDA:556,18,1,0
BRDA:556,19,0,0
BRDA:556,19,1,0
BRDA:563,20,0,0
BRDA:563,20,1,0
BRDA:589,21,0,0
BRDA:589,21,1,0
BRDA:589,22,0,0
BRDA:589,22,1,0
BRDA:597,23,0,0
BRDA:597,23,1,0
BRDA:605,24,0,0
BRDA:605,24,1,0
BRDA:615,25,0,0
BRDA:615,25,1,0
BRDA:647,26,0,0
BRDA:647,26,1,0
BRDA:647,27,0,0
BRDA:647,27,1,0
BRDA:663,28,0,0
BRDA:663,28,1,0
BRDA:663,29,0,0
BRDA:663,29,1,0
BRDA:670,30,0,0
BRDA:670,30,1,0
BRDA:673,31,0,0
BRDA:673,31,1,0
BRF:67
BRH:0
end_of_record
TN:
SF:src\intelligent-tagging-system\index.ts
FN:9,(anonymous_0)
FN:13,(anonymous_1)
FN:17,(anonymous_2)
FN:107,(anonymous_3)
FN:135,(anonymous_4)
FN:136,(anonymous_5)
FN:140,(anonymous_6)
FN:144,(anonymous_7)
FN:152,(anonymous_8)
FN:194,(anonymous_9)
FN:223,(anonymous_10)
FN:234,(anonymous_11)
FN:254,(anonymous_12)
FN:261,(anonymous_13)
FN:273,(anonymous_14)
FN:285,(anonymous_15)
FN:292,(anonymous_16)
FN:299,(anonymous_17)
FN:307,(anonymous_18)
FN:319,(anonymous_19)
FN:326,(anonymous_20)
FN:348,(anonymous_21)
FN:363,(anonymous_22)
FN:387,(anonymous_23)
FN:399,(anonymous_24)
FN:407,(anonymous_25)
FN:415,(anonymous_26)
FN:427,(anonymous_27)
FN:439,(anonymous_28)
FN:450,(anonymous_29)
FN:453,(anonymous_30)
FN:456,(anonymous_31)
FN:463,(anonymous_32)
FN:467,(anonymous_33)
FN:470,(anonymous_34)
FN:488,(anonymous_35)
FN:501,(anonymous_36)
FN:504,(anonymous_37)
FN:510,(anonymous_38)
FN:511,(anonymous_39)
FN:512,(anonymous_40)
FN:513,(anonymous_41)
FN:524,(anonymous_42)
FN:528,(anonymous_43)
FN:532,(anonymous_44)
FN:539,(anonymous_45)
FN:543,(anonymous_46)
FNF:47
FNH:0
FNDA:0,(anonymous_0)
FNDA:0,(anonymous_1)
FNDA:0,(anonymous_2)
FNDA:0,(anonymous_3)
FNDA:0,(anonymous_4)
FNDA:0,(anonymous_5)
FNDA:0,(anonymous_6)
FNDA:0,(anonymous_7)
FNDA:0,(anonymous_8)
FNDA:0,(anonymous_9)
FNDA:0,(anonymous_10)
FNDA:0,(anonymous_11)
FNDA:0,(anonymous_12)
FNDA:0,(anonymous_13)
FNDA:0,(anonymous_14)
FNDA:0,(anonymous_15)
FNDA:0,(anonymous_16)
FNDA:0,(anonymous_17)
FNDA:0,(anonymous_18)
FNDA:0,(anonymous_19)
FNDA:0,(anonymous_20)
FNDA:0,(anonymous_21)
FNDA:0,(anonymous_22)
FNDA:0,(anonymous_23)
FNDA:0,(anonymous_24)
FNDA:0,(anonymous_25)
FNDA:0,(anonymous_26)
FNDA:0,(anonymous_27)
FNDA:0,(anonymous_28)
FNDA:0,(anonymous_29)
FNDA:0,(anonymous_30)
FNDA:0,(anonymous_31)
FNDA:0,(anonymous_32)
FNDA:0,(anonymous_33)
FNDA:0,(anonymous_34)
FNDA:0,(anonymous_35)
FNDA:0,(anonymous_36)
FNDA:0,(anonymous_37)
FNDA:0,(anonymous_38)
FNDA:0,(anonymous_39)
FNDA:0,(anonymous_40)
FNDA:0,(anonymous_41)
FNDA:0,(anonymous_42)
FNDA:0,(anonymous_43)
FNDA:0,(anonymous_44)
FNDA:0,(anonymous_45)
FNDA:0,(anonymous_46)
DA:6,0
DA:9,0
DA:10,0
DA:13,0
DA:14,0
DA:17,0
DA:18,0
DA:98,0
DA:105,0
DA:113,0
DA:114,0
DA:115,0
DA:116,0
DA:117,0
DA:118,0
DA:119,0
DA:128,0
DA:129,0
DA:136,0
DA:137,0
DA:140,0
DA:141,0
DA:144,0
DA:145,0
DA:153,0
DA:155,0
DA:156,0
DA:157,0
DA:158,0
DA:159,0
DA:163,0
DA:166,0
DA:167,0
DA:168,0
DA:171,0
DA:174,0
DA:182,0
DA:183,0
DA:185,0
DA:187,0
DA:195,0
DA:196,0
DA:199,0
DA:200,0
DA:201,0
DA:202,0
DA:203,0
DA:204,0
DA:205,0
DA:210,0
DA:211,0
DA:214,0
DA:216,0
DA:224,0
DA:228,0
DA:235,0
DA:236,0
DA:237,0
DA:243,0
DA:244,0
DA:246,0
DA:247,0
DA:255,0
DA:262,0
DA:263,0
DA:265,0
DA:266,0
DA:274,0
DA:275,0
DA:277,0
DA:278,0
DA:286,0
DA:293,0
DA:300,0
DA:301,0
DA:308,0
DA:309,0
DA:314,0
DA:320,0
DA:321,0
DA:322,0
DA:323,0
DA:327,0
DA:337,0
DA:349,0
DA:351,0
DA:352,0
DA:353,0
DA:356,0
DA:357,0
DA:360,0
DA:363,0
DA:379,0
DA:380,0
DA:382,0
DA:383,0
DA:388,0
DA:390,0
DA:395,0
DA:400,0
DA:401,0
DA:402,0
DA:403,0
DA:404,0
DA:408,0
DA:409,0
DA:410,0
DA:412,0
DA:417,0
DA:422,0
DA:423,0
DA:424,0
DA:425,0
DA:429,0
DA:430,0
DA:432,0
DA:434,0
DA:436,0
DA:439,0
DA:440,0
DA:441,0
DA:443,0
DA:446,0
DA:451,0
DA:453,0
DA:454,0
DA:455,0
DA:456,0
DA:460,0
DA:464,0
DA:468,0
DA:469,0
DA:470,0
DA:471,0
DA:472,0
DA:473,0
DA:474,0
DA:475,0
DA:480,0
DA:485,0
DA:486,0
DA:489,0
DA:490,0
DA:493,0
DA:498,0
DA:502,0
DA:504,0
DA:505,0
DA:508,0
DA:510,0
DA:511,0
DA:512,0
DA:513,0
DA:516,0
DA:522,0
DA:525,0
DA:529,0
DA:533,0
DA:534,0
DA:535,0
DA:540,0
DA:545,0
LF:162
LH:0
BRDA:10,0,0,0
BRDA:10,0,1,0
BRDA:14,1,0,0
BRDA:14,1,1,0
BRDA:18,2,0,0
BRDA:18,2,1,0
BRDA:157,3,0,0
BRDA:157,3,1,0
BRDA:199,4,0,0
BRDA:199,4,1,0
BRDA:201,5,0,0
BRDA:201,5,1,0
BRDA:210,6,0,0
BRDA:210,6,1,0
BRDA:225,7,0,0
BRDA:225,7,1,0
BRDA:366,8,0,0
BRDA:366,8,1,0
BRDA:367,9,0,0
BRDA:367,9,1,0
BRDA:369,10,0,0
BRDA:369,10,1,0
BRDA:400,11,0,0
BRDA:400,11,1,0
BRDA:401,12,0,0
BRDA:401,12,1,0
BRDA:402,13,0,0
BRDA:402,13,1,0
BRDA:403,14,0,0
BRDA:403,14,1,0
BRDA:408,15,0,0
BRDA:408,15,1,0
BRDA:408,15,2,0
BRDA:409,16,0,0
BRDA:409,16,1,0
BRDA:429,17,0,0
BRDA:429,17,1,0
BRDA:440,18,0,0
BRDA:440,18,1,0
BRDA:455,19,0,0
BRDA:455,19,1,0
BRDA:464,20,0,0
BRDA:464,20,1,0
BRDA:469,21,0,0
BRDA:469,21,1,0
BRDA:472,22,0,0
BRDA:472,22,1,0
BRDA:474,23,0,0
BRDA:474,23,1,0
BRDA:489,24,0,0
BRDA:489,24,1,0
BRDA:505,25,0,0
BRDA:505,25,1,0
BRDA:513,26,0,0
BRDA:513,26,1,0
BRDA:529,27,0,0
BRDA:529,27,1,0
BRDA:534,28,0,0
BRDA:534,28,1,0
BRF:59
BRH:0
end_of_record
TN:
SF:src\mcp\junaikey-tools.ts
FN:36,(anonymous_0)
FN:48,(anonymous_1)
FN:60,(anonymous_2)
FN:77,(anonymous_3)
FN:94,(anonymous_4)
FN:111,(anonymous_5)
FN:128,(anonymous_6)
FN:145,(anonymous_7)
FN:162,(anonymous_8)
FN:179,(anonymous_9)
FN:196,(anonymous_10)
FN:213,(anonymous_11)
FN:230,(anonymous_12)
FN:248,(anonymous_13)
FN:265,(anonymous_14)
FN:278,(anonymous_15)
FN:291,(anonymous_16)
FN:304,(anonymous_17)
FN:315,(anonymous_18)
FN:323,(anonymous_19)
FN:330,(anonymous_20)
FN:351,(anonymous_21)
FN:376,(anonymous_22)
FN:383,(anonymous_23)
FN:390,(anonymous_24)
FNF:25
FNH:0
FNDA:0,(anonymous_0)
FNDA:0,(anonymous_1)
FNDA:0,(anonymous_2)
FNDA:0,(anonymous_3)
FNDA:0,(anonymous_4)
FNDA:0,(anonymous_5)
FNDA:0,(anonymous_6)
FNDA:0,(anonymous_7)
FNDA:0,(anonymous_8)
FNDA:0,(anonymous_9)
FNDA:0,(anonymous_10)
FNDA:0,(anonymous_11)
FNDA:0,(anonymous_12)
FNDA:0,(anonymous_13)
FNDA:0,(anonymous_14)
FNDA:0,(anonymous_15)
FNDA:0,(anonymous_16)
FNDA:0,(anonymous_17)
FNDA:0,(anonymous_18)
FNDA:0,(anonymous_19)
FNDA:0,(anonymous_20)
FNDA:0,(anonymous_21)
FNDA:0,(anonymous_22)
FNDA:0,(anonymous_23)
FNDA:0,(anonymous_24)
DA:6,0
DA:7,0
DA:8,0
DA:9,0
DA:30,0
DA:34,0
DA:37,0
DA:38,0
DA:39,0
DA:41,0
DA:42,0
DA:50,0
DA:61,0
DA:62,0
DA:66,0
DA:78,0
DA:79,0
DA:83,0
DA:95,0
DA:96,0
DA:101,0
DA:112,0
DA:113,0
DA:117,0
DA:129,0
DA:130,0
DA:134,0
DA:146,0
DA:147,0
DA:151,0
DA:163,0
DA:164,0
DA:169,0
DA:180,0
DA:181,0
DA:185,0
DA:197,0
DA:198,0
DA:202,0
DA:214,0
DA:215,0
DA:219,0
DA:231,0
DA:232,0
DA:236,0
DA:249,0
DA:250,0
DA:255,0
DA:266,0
DA:270,0
DA:279,0
DA:283,0
DA:292,0
DA:296,0
DA:305,0
DA:309,0
DA:316,0
DA:317,0
DA:324,0
DA:331,0
DA:332,0
DA:333,0
DA:336,0
DA:337,0
DA:338,0
DA:339,0
DA:340,0
DA:342,0
DA:343,0
DA:344,0
DA:352,0
DA:353,0
DA:354,0
DA:356,0
DA:363,0
DA:370,0
DA:377,0
DA:384,0
DA:391,0
DA:396,0
LF:80
LH:0
BRDA:113,0,0,0
BRDA:113,0,1,0
BRDA:130,1,0,0
BRDA:130,1,1,0
BRDA:181,2,0,0
BRDA:181,2,1,0
BRDA:266,3,0,0
BRDA:266,3,1,0
BRDA:332,4,0,0
BRDA:332,4,1,0
BRDA:342,5,0,0
BRDA:342,5,1,0
BRDA:364,6,0,0
BRDA:364,6,1,0
BRDA:365,7,0,0
BRDA:365,7,1,0
BRDA:366,8,0,0
BRDA:366,8,1,0
BRF:18
BRH:0
end_of_record
TN:
SF:src\types\avatarSynergy.ts
FN:6,(anonymous_0)
FNF:1
FNH:0
FNDA:0,(anonymous_0)
DA:6,0
DA:7,0
DA:8,0
DA:9,0
DA:10,0
DA:11,0
DA:12,0
DA:13,0
DA:14,0
DA:15,0
DA:16,0
DA:17,0
LF:12
LH:0
BRDA:6,0,0,0
BRDA:6,0,1,0
BRF:2
BRH:0
end_of_record
TN:
SF:src\types\elementSpirit.ts
FN:6,(anonymous_0)
FN:37,(anonymous_1)
FNF:2
FNH:0
FNDA:0,(anonymous_0)
FNDA:0,(anonymous_1)
DA:6,0
DA:7,0
DA:8,0
DA:9,0
DA:10,0
DA:11,0
DA:12,0
DA:13,0
DA:14,0
DA:15,0
DA:16,0
DA:17,0
DA:18,0
DA:37,0
DA:38,0
DA:39,0
DA:40,0
DA:41,0
DA:42,0
DA:43,0
DA:44,0
DA:72,0
LF:22
LH:0
BRDA:6,0,0,0
BRDA:6,0,1,0
BRDA:37,1,0,0
BRDA:37,1,1,0
BRF:4
BRH:0
end_of_record
TN:
SF:src\types\professionEvolution.ts
FN:6,(anonymous_0)
FN:13,(anonymous_1)
FNF:2
FNH:0
FNDA:0,(anonymous_0)
FNDA:0,(anonymous_1)
DA:6,0
DA:7,0
DA:8,0
DA:9,0
DA:10,0
DA:13,0
DA:15,0
DA:16,0
DA:17,0
DA:18,0
DA:21,0
DA:22,0
DA:23,0
DA:24,0
DA:27,0
DA:28,0
DA:29,0
DA:30,0
DA:33,0
DA:34,0
DA:35,0
DA:36,0
LF:22
LH:0
BRDA:6,0,0,0
BRDA:6,0,1,0
BRDA:13,1,0,0
BRDA:13,1,1,0
BRF:4
BRH:0
end_of_record
TN:
SF:src\utils\errorHandler.ts
FN:8,(anonymous_0)
FN:53,(anonymous_1)
FN:82,(anonymous_2)
FN:87,(anonymous_3)
FN:88,(anonymous_4)
FN:98,(anonymous_5)
FN:142,(anonymous_6)
FN:166,(anonymous_7)
FN:183,(anonymous_8)
FN:198,(anonymous_9)
FN:200,(anonymous_10)
FN:205,(anonymous_11)
FN:217,(anonymous_12)
FN:225,(anonymous_13)
FN:238,(anonymous_14)
FN:242,(anonymous_15)
FN:246,(anonymous_16)
FN:250,(anonymous_17)
FN:254,(anonymous_18)
FN:258,(anonymous_19)
FN:262,(anonymous_20)
FN:266,(anonymous_21)
FN:270,(anonymous_22)
FN:274,(anonymous_23)
FNF:24
FNH:2
FNDA:1,(anonymous_0)
FNDA:0,(anonymous_1)
FNDA:0,(anonymous_2)
FNDA:0,(anonymous_3)
FNDA:0,(anonymous_4)
FNDA:0,(anonymous_5)
FNDA:0,(anonymous_6)
FNDA:0,(anonymous_7)
FNDA:0,(anonymous_8)
FNDA:9,(anonymous_9)
FNDA:0,(anonymous_10)
FNDA:0,(anonymous_11)
FNDA:0,(anonymous_12)
FNDA:0,(anonymous_13)
FNDA:0,(anonymous_14)
FNDA:0,(anonymous_15)
FNDA:0,(anonymous_16)
FNDA:0,(anonymous_17)
FNDA:0,(anonymous_18)
FNDA:0,(anonymous_19)
FNDA:0,(anonymous_20)
FNDA:0,(anonymous_21)
FNDA:0,(anonymous_22)
FNDA:0,(anonymous_23)
DA:6,1
DA:8,1
DA:9,1
DA:10,1
DA:11,1
DA:12,1
DA:13,1
DA:14,1
DA:15,1
DA:16,1
DA:17,1
DA:18,1
DA:19,1
DA:44,1
DA:62,0
DA:63,0
DA:64,0
DA:65,0
DA:66,0
DA:67,0
DA:68,0
DA:69,0
DA:72,0
DA:73,0
DA:78,1
DA:79,1
DA:83,0
DA:88,0
DA:89,0
DA:90,0
DA:92,0
DA:105,0
DA:121,0
DA:136,0
DA:138,0
DA:151,0
DA:167,0
DA:176,0
DA:177,0
DA:178,0
DA:184,0
DA:185,0
DA:193,0
DA:194,0
DA:200,9
DA:201,0
DA:205,9
DA:206,0
DA:209,9
DA:214,1
DA:217,1
DA:223,0
DA:225,1
DA:233,0
DA:236,1
DA:239,0
DA:243,0
DA:247,0
DA:251,0
DA:255,0
DA:259,0
DA:263,0
DA:267,0
DA:271,0
DA:275,0
DA:279,1
LF:66
LH:24
BRDA:8,0,0,1
BRDA:8,0,1,1
BRDA:59,1,0,0
BRDA:72,2,0,0
BRDA:72,2,1,0
BRDA:100,3,0,0
BRDA:101,4,0,0
BRDA:105,5,0,0
BRDA:105,5,1,0
BRDA:148,6,0,0
BRDA:176,7,0,0
BRDA:176,7,1,0
BRDA:176,8,0,0
BRDA:176,8,1,0
BRDA:184,9,0,0
BRDA:184,9,1,0
BRDA:219,10,0,0
BRDA:220,11,0,0
BRDA:231,12,0,0
BRDA:242,13,0,0
BRDA:246,14,0,0
BRDA:254,15,0,0
BRDA:258,16,0,0
BRDA:266,17,0,0
BRF:24
BRH:2
end_of_record
TN:
SF:src\utils\logger.ts
FN:6,(anonymous_0)
FN:35,(anonymous_1)
FN:45,(anonymous_2)
FN:62,(anonymous_3)
FN:66,(anonymous_4)
FN:76,(anonymous_5)
FN:115,(anonymous_6)
FN:144,(anonymous_7)
FN:172,(anonymous_8)
FN:200,(anonymous_9)
FN:239,(anonymous_10)
FN:277,(anonymous_11)
FN:281,(anonymous_12)
FN:285,(anonymous_13)
FN:291,(anonymous_14)
FN:295,(anonymous_15)
FN:308,(anonymous_16)
FN:311,(anonymous_17)
FN:314,(anonymous_18)
FN:317,(anonymous_19)
FN:320,(anonymous_20)
FNF:21
FNH:10
FNDA:1,(anonymous_0)
FNDA:1,(anonymous_1)
FNDA:36,(anonymous_2)
FNDA:36,(anonymous_3)
FNDA:2,(anonymous_4)
FNDA:36,(anonymous_5)
FNDA:0,(anonymous_6)
FNDA:36,(anonymous_7)
FNDA:0,(anonymous_8)
FNDA:0,(anonymous_9)
FNDA:0,(anonymous_10)
FNDA:8,(anonymous_11)
FNDA:0,(anonymous_12)
FNDA:0,(anonymous_13)
FNDA:8,(anonymous_14)
FNDA:1,(anonymous_15)
FNDA:0,(anonymous_16)
FNDA:0,(anonymous_17)
FNDA:0,(anonymous_18)
FNDA:0,(anonymous_19)
FNDA:0,(anonymous_20)
DA:6,1
DA:7,1
DA:8,1
DA:9,1
DA:10,1
DA:11,1
DA:33,1
DA:36,1
DA:52,36
DA:63,36
DA:67,2
DA:68,2
DA:71,0
DA:72,0
DA:73,0
DA:78,36
DA:79,34
DA:83,2
DA:86,2
DA:87,2
DA:89,2
DA:91,0
DA:92,0
DA:94,2
DA:95,2
DA:97,0
DA:98,0
DA:101,0
DA:102,0
DA:104,0
DA:109,2
DA:117,0
DA:118,0
DA:122,0
DA:123,0
DA:124,0
DA:125,0
DA:126,0
DA:127,0
DA:128,0
DA:129,0
DA:130,0
DA:132,0
DA:134,0
DA:135,0
DA:136,0
DA:140,0
DA:141,0
DA:145,36
DA:146,36
DA:150,36
DA:151,0
DA:152,36
DA:153,36
DA:154,36
DA:155,36
DA:156,36
DA:157,0
DA:158,0
DA:160,36
DA:162,0
DA:163,0
DA:164,0
DA:168,36
DA:169,36
DA:173,0
DA:174,0
DA:178,0
DA:179,0
DA:180,0
DA:181,0
DA:182,0
DA:183,0
DA:184,0
DA:185,0
DA:186,0
DA:188,0
DA:190,0
DA:191,0
DA:192,0
DA:196,0
DA:197,0
DA:202,0
DA:203,0
DA:208,0
DA:209,0
DA:210,0
DA:211,0
DA:212,0
DA:214,0
DA:215,0
DA:216,0
DA:217,0
DA:220,0
DA:221,0
DA:222,0
DA:223,0
DA:225,0
DA:226,0
DA:231,0
DA:236,0
DA:240,0
DA:241,0
DA:246,0
DA:247,0
DA:248,0
DA:249,0
DA:250,0
DA:252,0
DA:253,0
DA:254,0
DA:255,0
DA:258,0
DA:259,0
DA:260,0
DA:261,0
DA:263,0
DA:264,0
DA:269,0
DA:274,0
DA:278,8
DA:280,8
DA:281,8
DA:284,8
DA:285,0
DA:288,8
DA:292,8
DA:296,1
DA:301,1
DA:308,1
DA:309,0
DA:311,1
DA:312,0
DA:314,1
DA:315,0
DA:317,1
DA:318,0
DA:320,1
DA:321,0
DA:333,1
DA:334,1
DA:335,1
DA:336,1
DA:337,1
LF:144
LH:50
BRDA:6,0,0,1
BRDA:6,0,1,1
BRDA:35,1,0,0
BRDA:57,2,0,36
BRDA:57,2,1,0
BRDA:58,3,0,36
BRDA:58,3,1,36
BRDA:67,4,0,2
BRDA:67,4,1,0
BRDA:72,5,0,0
BRDA:72,5,1,0
BRDA:78,6,0,34
BRDA:78,6,1,2
BRDA:86,7,0,2
BRDA:86,7,1,0
BRDA:89,8,0,0
BRDA:89,8,1,2
BRDA:89,8,2,0
BRDA:89,8,3,0
BRDA:89,8,4,0
BRDA:89,8,5,0
BRDA:109,9,0,0
BRDA:109,9,1,2
BRDA:109,10,0,2
BRDA:109,10,1,0
BRDA:122,11,0,0
BRDA:122,11,1,0
BRDA:124,12,0,0
BRDA:124,12,1,0
BRDA:125,13,0,0
BRDA:125,13,1,0
BRDA:128,14,0,0
BRDA:128,14,1,0
BRDA:129,15,0,0
BRDA:129,15,1,0
BRDA:132,16,0,0
BRDA:132,16,1,0
BRDA:136,17,0,0
BRDA:136,17,1,0
BRDA:150,18,0,0
BRDA:150,18,1,36
BRDA:152,19,0,36
BRDA:152,19,1,0
BRDA:153,20,0,36
BRDA:153,20,1,0
BRDA:156,21,0,0
BRDA:156,21,1,36
BRDA:157,22,0,0
BRDA:157,22,1,0
BRDA:160,23,0,0
BRDA:160,23,1,36
BRDA:164,24,0,0
BRDA:164,24,1,0
BRDA:178,25,0,0
BRDA:178,25,1,0
BRDA:180,26,0,0
BRDA:180,26,1,0
BRDA:181,27,0,0
BRDA:181,27,1,0
BRDA:184,28,0,0
BRDA:184,28,1,0
BRDA:185,29,0,0
BRDA:185,29,1,0
BRDA:188,30,0,0
BRDA:188,30,1,0
BRDA:192,31,0,0
BRDA:192,31,1,0
BRDA:208,32,0,0
BRDA:208,32,1,0
BRDA:210,33,0,0
BRDA:210,33,1,0
BRDA:214,34,0,0
BRDA:214,34,1,0
BRDA:215,35,0,0
BRDA:215,35,1,0
BRDA:216,36,0,0
BRDA:216,36,1,0
BRDA:220,37,0,0
BRDA:220,37,1,0
BRDA:221,38,0,0
BRDA:221,38,1,0
BRDA:226,39,0,0
BRDA:226,39,1,0
BRDA:233,40,0,0
BRDA:233,40,1,0
BRDA:246,41,0,0
BRDA:246,41,1,0
BRDA:248,42,0,0
BRDA:248,42,1,0
BRDA:252,43,0,0
BRDA:252,43,1,0
BRDA:253,44,0,0
BRDA:253,44,1,0
BRDA:254,45,0,0
BRDA:254,45,1,0
BRDA:258,46,0,0
BRDA:258,46,1,0
BRDA:259,47,0,0
BRDA:259,47,1,0
BRDA:264,48,0,0
BRDA:264,48,1,0
BRDA:271,49,0,0
BRDA:271,49,1,0
BRDA:280,50,0,8
BRDA:280,50,1,0
BRDA:284,51,0,0
BRDA:284,51,1,8
BRDA:318,52,0,0
BRDA:318,52,1,0
BRDA:318,53,0,0
BRDA:318,53,1,0
BRDA:321,54,0,0
BRDA:321,54,1,0
BRDA:321,55,0,0
BRDA:321,55,1,0
BRF:115
BRH:19
end_of_record
TN:
SF:src\utils\performanceMonitor.ts
FN:37,(anonymous_0)
FN:53,(anonymous_1)
FN:65,(anonymous_2)
FN:102,(anonymous_3)
FN:116,(anonymous_4)
FN:131,(anonymous_5)
FN:148,(anonymous_6)
FN:158,(anonymous_7)
FN:163,(anonymous_8)
FN:172,(anonymous_9)
FN:176,(anonymous_10)
FN:177,(anonymous_11)
FN:182,(anonymous_12)
FN:186,(anonymous_13)
FN:193,(anonymous_14)
FN:207,(anonymous_15)
FN:207,(anonymous_16)
FN:211,(anonymous_17)
FN:220,(anonymous_18)
FN:226,(anonymous_19)
FN:248,(anonymous_20)
FN:254,(anonymous_21)
FN:267,(anonymous_22)
FN:271,(anonymous_23)
FN:279,(anonymous_24)
FN:285,(anonymous_25)
FN:290,(anonymous_26)
FN:304,monitorPerformance
FN:305,(anonymous_28)
FN:308,(anonymous_29)
FN:327,monitorClassPerformance
FN:328,(anonymous_31)
FN:330,(anonymous_32)
FN:336,(anonymous_33)
FN:338,(anonymous_34)
FN:343,(anonymous_35)
FN:361,(anonymous_36)
FN:364,(anonymous_37)
FN:367,(anonymous_38)
FNF:39
FNH:4
FNDA:1,(anonymous_0)
FNDA:0,(anonymous_1)
FNDA:0,(anonymous_2)
FNDA:0,(anonymous_3)
FNDA:0,(anonymous_4)
FNDA:0,(anonymous_5)
FNDA:0,(anonymous_6)
FNDA:0,(anonymous_7)
FNDA:1,(anonymous_8)
FNDA:0,(anonymous_9)
FNDA:0,(anonymous_10)
FNDA:0,(anonymous_11)
FNDA:0,(anonymous_12)
FNDA:0,(anonymous_13)
FNDA:1,(anonymous_14)
FNDA:0,(anonymous_15)
FNDA:0,(anonymous_16)
FNDA:0,(anonymous_17)
FNDA:0,(anonymous_18)
FNDA:0,(anonymous_19)
FNDA:0,(anonymous_20)
FNDA:0,(anonymous_21)
FNDA:0,(anonymous_22)
FNDA:0,(anonymous_23)
FNDA:0,(anonymous_24)
FNDA:0,(anonymous_25)
FNDA:8,(anonymous_26)
FNDA:0,monitorPerformance
FNDA:0,(anonymous_28)
FNDA:0,(anonymous_29)
FNDA:0,monitorClassPerformance
FNDA:0,(anonymous_31)
FNDA:0,(anonymous_32)
FNDA:0,(anonymous_33)
FNDA:0,(anonymous_34)
FNDA:0,(anonymous_35)
FNDA:0,(anonymous_36)
FNDA:0,(anonymous_37)
FNDA:0,(anonymous_38)
DA:6,1
DA:31,1
DA:32,1
DA:33,1
DA:35,1
DA:38,1
DA:54,0
DA:55,0
DA:57,0
DA:58,0
DA:61,0
DA:66,0
DA:68,0
DA:69,0
DA:70,0
DA:73,0
DA:74,0
DA:76,0
DA:84,0
DA:87,0
DA:88,0
DA:91,0
DA:92,0
DA:98,0
DA:103,0
DA:104,0
DA:107,0
DA:110,0
DA:111,0
DA:117,0
DA:119,0
DA:120,0
DA:123,0
DA:124,0
DA:125,0
DA:126,0
DA:132,0
DA:134,0
DA:135,0
DA:141,0
DA:148,0
DA:149,0
DA:150,0
DA:152,0
DA:159,0
DA:169,1
DA:171,1
DA:172,1
DA:175,1
DA:176,0
DA:177,0
DA:181,1
DA:182,0
DA:185,1
DA:186,0
DA:189,1
DA:201,1
DA:203,1
DA:204,1
DA:207,0
DA:209,0
DA:211,0
DA:221,0
DA:222,0
DA:231,0
DA:232,0
DA:233,0
DA:234,0
DA:235,0
DA:237,0
DA:244,0
DA:250,0
DA:251,0
DA:254,0
DA:256,0
DA:257,0
DA:259,0
DA:261,0
DA:262,0
DA:268,0
DA:269,0
DA:271,0
DA:272,0
DA:275,0
DA:280,0
DA:281,0
DA:286,0
DA:291,8
DA:292,8
DA:297,1
DA:304,1
DA:305,0
DA:306,0
DA:308,0
DA:309,0
DA:310,0
DA:312,0
DA:313,0
DA:314,0
DA:315,0
DA:317,0
DA:318,0
DA:322,0
DA:327,1
DA:328,0
DA:329,0
DA:331,0
DA:334,0
DA:335,0
DA:336,0
DA:338,0
DA:339,0
DA:340,0
DA:341,0
DA:343,0
DA:344,0
DA:345,0
DA:346,0
DA:347,0
DA:349,0
DA:350,0
DA:361,1
DA:362,0
DA:364,1
DA:365,0
DA:367,1
DA:368,0
LF:127
LH:24
BRDA:37,0,0,0
BRDA:57,1,0,0
BRDA:57,1,1,0
BRDA:68,2,0,0
BRDA:68,2,1,0
BRDA:87,3,0,0
BRDA:87,3,1,0
BRDA:91,4,0,0
BRDA:91,4,1,0
BRDA:103,5,0,0
BRDA:103,5,1,0
BRDA:110,6,0,0
BRDA:110,6,1,0
BRDA:119,7,0,0
BRDA:119,7,1,0
BRDA:123,8,0,0
BRDA:123,8,1,0
BRDA:125,9,0,0
BRDA:125,9,1,0
BRDA:132,10,0,0
BRDA:132,10,1,0
BRDA:134,11,0,0
BRDA:134,11,1,0
BRDA:171,12,0,1
BRDA:171,12,1,0
BRDA:175,13,0,0
BRDA:175,13,1,1
BRDA:181,14,0,0
BRDA:181,14,1,1
BRDA:185,15,0,0
BRDA:185,15,1,1
BRDA:203,16,0,1
BRDA:203,16,1,0
BRDA:231,17,0,0
BRDA:231,17,1,0
BRDA:231,18,0,0
BRDA:231,18,1,0
BRDA:267,19,0,0
BRDA:309,20,0,0
BRDA:309,20,1,0
BRDA:336,21,0,0
BRDA:336,21,1,0
BRDA:340,22,0,0
BRDA:340,22,1,0
BRF:44
BRH:5
end_of_record
